2022-10-27 16:07:29.538 [restartedMain] INFO  c.z.h.HospitalchargemanagementsystemApplication - Starting HospitalchargemanagementsystemApplication using Java 1.8.0_191 on DESKTOP-T66PJPJ with PID 12924 (D:\java-2019-03\Projects\hospitalchargemanagementsystem\target\classes started by admin in D:\java-2019-03\Projects\hospitalchargemanagementsystem)
2022-10-27 16:07:29.538 [restartedMain] INFO  c.z.h.HospitalchargemanagementsystemApplication - No active profile set, falling back to 1 default profile: "default"
2022-10-27 16:07:29.628 [restartedMain] INFO  o.s.b.d.env.DevToolsPropertyDefaultsPostProcessor - Devtools property defaults active! Set 'spring.devtools.add-properties' to 'false' to disable
2022-10-27 16:07:29.628 [restartedMain] INFO  o.s.b.d.env.DevToolsPropertyDefaultsPostProcessor - For additional web related logging consider setting the 'logging.level.web' property to 'DEBUG'
2022-10-27 16:07:32.398 [restartedMain] INFO  o.s.boot.web.embedded.tomcat.TomcatWebServer - Tomcat initialized with port(s): 8080 (http)
2022-10-27 16:07:32.448 [restartedMain] INFO  org.apache.coyote.http11.Http11NioProtocol - Initializing ProtocolHandler ["http-nio-8080"]
2022-10-27 16:07:32.448 [restartedMain] INFO  org.apache.catalina.core.StandardService - Starting service [Tomcat]
2022-10-27 16:07:32.448 [restartedMain] INFO  org.apache.catalina.core.StandardEngine - Starting Servlet engine: [Apache Tomcat/9.0.65]
2022-10-27 16:07:32.568 [restartedMain] INFO  o.a.c.core.ContainerBase.[Tomcat].[localhost].[/] - Initializing Spring embedded WebApplicationContext
2022-10-27 16:07:32.568 [restartedMain] INFO  o.s.b.w.s.c.ServletWebServerApplicationContext - Root WebApplicationContext: initialization completed in 2940 ms
2022-10-27 16:07:33.715 [restartedMain] INFO  o.s.b.a.web.servlet.WelcomePageHandlerMapping - Adding welcome page template: index
2022-10-27 16:07:34.045 [restartedMain] INFO  o.s.b.d.autoconfigure.OptionalLiveReloadServer - LiveReload server is running on port 35729
2022-10-27 16:07:34.055 [restartedMain] INFO  org.apache.coyote.http11.Http11NioProtocol - Starting ProtocolHandler ["http-nio-8080"]
2022-10-27 16:07:34.095 [restartedMain] INFO  o.s.boot.web.embedded.tomcat.TomcatWebServer - Tomcat started on port(s): 8080 (http) with context path ''
2022-10-27 16:07:34.115 [restartedMain] INFO  c.z.h.HospitalchargemanagementsystemApplication - Started HospitalchargemanagementsystemApplication in 5.816 seconds (JVM running for 10.018)
2022-10-27 16:07:49.388 [http-nio-8080-exec-1] INFO  o.a.c.core.ContainerBase.[Tomcat].[localhost].[/] - Initializing Spring DispatcherServlet 'dispatcherServlet'
2022-10-27 16:07:49.388 [http-nio-8080-exec-1] INFO  org.springframework.web.servlet.DispatcherServlet - Initializing Servlet 'dispatcherServlet'
2022-10-27 16:07:49.389 [http-nio-8080-exec-1] INFO  org.springframework.web.servlet.DispatcherServlet - Completed initialization in 1 ms
2022-10-27 16:07:51.646 [http-nio-8080-exec-1] INFO  com.zaxxer.hikari.HikariDataSource - HikariPool-1 - Starting...
2022-10-27 16:08:26.841 [http-nio-8080-exec-6] INFO  com.zaxxer.hikari.HikariDataSource - HikariPool-1 - Starting...
2022-10-27 16:08:27.506 [http-nio-8080-exec-6] INFO  com.zaxxer.hikari.HikariDataSource - HikariPool-1 - Start completed.
2022-10-27 16:08:27.695 [http-nio-8080-exec-6] INFO  c.z.h.controller.DoctorController - 用户 13188888888登录系统
2022-10-27 16:08:31.676 [http-nio-8080-exec-3] INFO  c.z.h.controller.DoctorController - 用户 13188888888登录系统
2022-10-27 16:08:33.249 [http-nio-8080-exec-1] INFO  c.z.h.controller.DoctorController - 用户 13188888888登录系统
2022-10-27 16:12:59.728 [http-nio-8080-exec-1] INFO  c.z.h.controller.DoctorController - 用户 13188888888登录系统
2022-10-27 16:13:00.866 [http-nio-8080-exec-8] INFO  c.z.h.controller.DoctorController - 用户 13188888888登录系统
2022-10-27 16:14:56.998 [http-nio-8080-exec-8] INFO  c.z.h.controller.DoctorController - 用户 13188888888 修改个人信息为 Doctor(id=13188888888, password=null, name=李四, post=科室主任, gender=女, statistics=null)
2022-10-27 16:18:09.201 [http-nio-8080-exec-1] INFO  c.z.h.controller.PatientController - 用户 13188888888 新增患者信息 Patient(id=15555553333, name=里斯, year=1997, age=null, gender=女, remark=嗯呢, visitedtime=2022-10-27 16:18:09.115)
2022-10-27 16:19:54.369 [http-nio-8080-exec-3] INFO  c.z.h.controller.MedicalRecord - 用户 13188888888 新增诊断记录 Consult(id=13, patient=15555553333, doctor=13188888888, diseases=头疼, state=门诊, result=一, scheme=一, cost=0.0, balance=0.0, date=2022-10-27 16:19:54.186, remark=一, treatments=null, patientObj=null, doctorObj=null)
2022-10-27 16:25:22.327 [restartedMain] INFO  c.z.h.HospitalchargemanagementsystemApplication - Starting HospitalchargemanagementsystemApplication using Java 1.8.0_191 on DESKTOP-T66PJPJ with PID 1180 (D:\java-2019-03\Projects\hospitalchargemanagementsystem\target\classes started by admin in D:\java-2019-03\Projects\hospitalchargemanagementsystem)
2022-10-27 16:25:22.329 [restartedMain] INFO  c.z.h.HospitalchargemanagementsystemApplication - No active profile set, falling back to 1 default profile: "default"
2022-10-27 16:25:22.374 [restartedMain] INFO  o.s.b.d.env.DevToolsPropertyDefaultsPostProcessor - Devtools property defaults active! Set 'spring.devtools.add-properties' to 'false' to disable
2022-10-27 16:25:22.374 [restartedMain] INFO  o.s.b.d.env.DevToolsPropertyDefaultsPostProcessor - For additional web related logging consider setting the 'logging.level.web' property to 'DEBUG'
2022-10-27 16:25:23.264 [restartedMain] INFO  o.s.boot.web.embedded.tomcat.TomcatWebServer - Tomcat initialized with port(s): 8080 (http)
2022-10-27 16:25:23.271 [restartedMain] INFO  org.apache.coyote.http11.Http11NioProtocol - Initializing ProtocolHandler ["http-nio-8080"]
2022-10-27 16:25:23.272 [restartedMain] INFO  org.apache.catalina.core.StandardService - Starting service [Tomcat]
2022-10-27 16:25:23.272 [restartedMain] INFO  org.apache.catalina.core.StandardEngine - Starting Servlet engine: [Apache Tomcat/9.0.65]
2022-10-27 16:25:23.360 [restartedMain] INFO  o.a.c.core.ContainerBase.[Tomcat].[localhost].[/] - Initializing Spring embedded WebApplicationContext
2022-10-27 16:25:23.360 [restartedMain] INFO  o.s.b.w.s.c.ServletWebServerApplicationContext - Root WebApplicationContext: initialization completed in 986 ms
2022-10-27 16:25:23.791 [restartedMain] INFO  o.s.b.a.web.servlet.WelcomePageHandlerMapping - Adding welcome page template: index
2022-10-27 16:25:23.941 [restartedMain] INFO  o.s.b.d.autoconfigure.OptionalLiveReloadServer - LiveReload server is running on port 35729
2022-10-27 16:25:23.951 [restartedMain] INFO  org.apache.coyote.http11.Http11NioProtocol - Starting ProtocolHandler ["http-nio-8080"]
2022-10-27 16:25:23.964 [restartedMain] INFO  o.s.boot.web.embedded.tomcat.TomcatWebServer - Tomcat started on port(s): 8080 (http) with context path ''
2022-10-27 16:25:23.973 [restartedMain] INFO  c.z.h.HospitalchargemanagementsystemApplication - Started HospitalchargemanagementsystemApplication in 2.15 seconds (JVM running for 3.161)
2022-10-27 16:25:24.002 [http-nio-8080-exec-1] INFO  o.a.c.core.ContainerBase.[Tomcat].[localhost].[/] - Initializing Spring DispatcherServlet 'dispatcherServlet'
2022-10-27 16:25:24.002 [http-nio-8080-exec-1] INFO  org.springframework.web.servlet.DispatcherServlet - Initializing Servlet 'dispatcherServlet'
2022-10-27 16:25:24.003 [http-nio-8080-exec-1] INFO  org.springframework.web.servlet.DispatcherServlet - Completed initialization in 1 ms
2022-10-27 16:25:25.038 [http-nio-8080-exec-8] INFO  com.zaxxer.hikari.HikariDataSource - HikariPool-1 - Starting...
2022-10-27 16:25:25.491 [http-nio-8080-exec-8] INFO  com.zaxxer.hikari.HikariDataSource - HikariPool-1 - Start completed.
2022-10-27 16:25:25.553 [http-nio-8080-exec-1] INFO  c.z.h.controller.DoctorController - 用户 13188888888登录系统
2022-10-27 16:25:25.553 [http-nio-8080-exec-8] INFO  c.z.h.controller.DoctorController - 用户 13188888888登录系统
2022-10-27 16:26:33.646 [http-nio-8080-exec-1] INFO  c.z.h.controller.MedicalRecord - 用户 13188888888 添加治疗记录 Treatment(id=46, consult=13, patient=null, doctor=13188888888, project=拔罐, cost=50.0, level=0, date=2022-10-27 16:26:33.505, timelen=0, remark=, doctorObj=null)
2022-10-27 16:26:44.834 [http-nio-8080-exec-8] INFO  c.z.h.controller.MedicalRecord - 用户 13188888888 新增缴费记录 Payment(id=17, consult=13, patient=null, date=2022-10-27 16:26:44.65, amount=500.0, remark=)
2022-10-27 16:27:20.378 [http-nio-8080-exec-5] INFO  c.z.h.controller.MedicalRecord - 用户 13188888888 添加治疗记录 Treatment(id=47, consult=13, patient=null, doctor=13188888888, project=拔罐, cost=20.0, level=0, date=2022-10-27 16:27:20.126, timelen=0, remark=, doctorObj=null)
2022-10-27 16:29:15.026 [restartedMain] INFO  c.z.h.HospitalchargemanagementsystemApplication - Starting HospitalchargemanagementsystemApplication using Java 1.8.0_191 on DESKTOP-T66PJPJ with PID 17524 (D:\java-2019-03\Projects\hospitalchargemanagementsystem\target\classes started by admin in D:\java-2019-03\Projects\hospitalchargemanagementsystem)
2022-10-27 16:29:15.028 [restartedMain] INFO  c.z.h.HospitalchargemanagementsystemApplication - No active profile set, falling back to 1 default profile: "default"
2022-10-27 16:29:15.068 [restartedMain] INFO  o.s.b.d.env.DevToolsPropertyDefaultsPostProcessor - Devtools property defaults active! Set 'spring.devtools.add-properties' to 'false' to disable
2022-10-27 16:29:15.068 [restartedMain] INFO  o.s.b.d.env.DevToolsPropertyDefaultsPostProcessor - For additional web related logging consider setting the 'logging.level.web' property to 'DEBUG'
2022-10-27 16:29:15.904 [restartedMain] INFO  o.s.boot.web.embedded.tomcat.TomcatWebServer - Tomcat initialized with port(s): 8080 (http)
2022-10-27 16:29:15.910 [restartedMain] INFO  org.apache.coyote.http11.Http11NioProtocol - Initializing ProtocolHandler ["http-nio-8080"]
2022-10-27 16:29:15.911 [restartedMain] INFO  org.apache.catalina.core.StandardService - Starting service [Tomcat]
2022-10-27 16:29:15.911 [restartedMain] INFO  org.apache.catalina.core.StandardEngine - Starting Servlet engine: [Apache Tomcat/9.0.65]
2022-10-27 16:29:15.997 [restartedMain] INFO  o.a.c.core.ContainerBase.[Tomcat].[localhost].[/] - Initializing Spring embedded WebApplicationContext
2022-10-27 16:29:15.997 [restartedMain] INFO  o.s.b.w.s.c.ServletWebServerApplicationContext - Root WebApplicationContext: initialization completed in 928 ms
2022-10-27 16:29:16.410 [restartedMain] INFO  o.s.b.a.web.servlet.WelcomePageHandlerMapping - Adding welcome page template: index
2022-10-27 16:29:16.553 [restartedMain] INFO  o.s.b.d.autoconfigure.OptionalLiveReloadServer - LiveReload server is running on port 35729
2022-10-27 16:29:16.562 [restartedMain] INFO  org.apache.coyote.http11.Http11NioProtocol - Starting ProtocolHandler ["http-nio-8080"]
2022-10-27 16:29:16.575 [restartedMain] INFO  o.s.boot.web.embedded.tomcat.TomcatWebServer - Tomcat started on port(s): 8080 (http) with context path ''
2022-10-27 16:29:16.582 [restartedMain] INFO  c.z.h.HospitalchargemanagementsystemApplication - Started HospitalchargemanagementsystemApplication in 2.015 seconds (JVM running for 2.917)
2022-10-27 16:29:19.783 [http-nio-8080-exec-1] INFO  o.a.c.core.ContainerBase.[Tomcat].[localhost].[/] - Initializing Spring DispatcherServlet 'dispatcherServlet'
2022-10-27 16:29:19.783 [http-nio-8080-exec-1] INFO  org.springframework.web.servlet.DispatcherServlet - Initializing Servlet 'dispatcherServlet'
2022-10-27 16:29:19.784 [http-nio-8080-exec-1] INFO  org.springframework.web.servlet.DispatcherServlet - Completed initialization in 0 ms
2022-10-27 16:29:21.236 [http-nio-8080-exec-9] INFO  com.zaxxer.hikari.HikariDataSource - HikariPool-1 - Starting...
2022-10-27 16:29:21.736 [http-nio-8080-exec-9] INFO  com.zaxxer.hikari.HikariDataSource - HikariPool-1 - Start completed.
2022-10-27 16:29:21.800 [http-nio-8080-exec-9] INFO  c.z.h.controller.DoctorController - 用户 13188888888登录系统
2022-10-27 18:48:30.935 [restartedMain] INFO  c.z.h.HospitalchargemanagementsystemApplication - Starting HospitalchargemanagementsystemApplication using Java 1.8.0_191 on DESKTOP-T66PJPJ with PID 17356 (D:\java-2019-03\Projects\hospitalchargemanagementsystem\target\classes started by admin in D:\java-2019-03\Projects\hospitalchargemanagementsystem)
2022-10-27 18:48:30.935 [restartedMain] INFO  c.z.h.HospitalchargemanagementsystemApplication - No active profile set, falling back to 1 default profile: "default"
2022-10-27 18:48:30.975 [restartedMain] INFO  o.s.b.d.env.DevToolsPropertyDefaultsPostProcessor - Devtools property defaults active! Set 'spring.devtools.add-properties' to 'false' to disable
2022-10-27 18:48:30.975 [restartedMain] INFO  o.s.b.d.env.DevToolsPropertyDefaultsPostProcessor - For additional web related logging consider setting the 'logging.level.web' property to 'DEBUG'
2022-10-27 18:48:31.871 [restartedMain] INFO  o.s.boot.web.embedded.tomcat.TomcatWebServer - Tomcat initialized with port(s): 8080 (http)
2022-10-27 18:48:31.881 [restartedMain] INFO  org.apache.coyote.http11.Http11NioProtocol - Initializing ProtocolHandler ["http-nio-8080"]
2022-10-27 18:48:31.881 [restartedMain] INFO  org.apache.catalina.core.StandardService - Starting service [Tomcat]
2022-10-27 18:48:31.881 [restartedMain] INFO  org.apache.catalina.core.StandardEngine - Starting Servlet engine: [Apache Tomcat/9.0.65]
2022-10-27 18:48:31.971 [restartedMain] INFO  o.a.c.core.ContainerBase.[Tomcat].[localhost].[/] - Initializing Spring embedded WebApplicationContext
2022-10-27 18:48:31.971 [restartedMain] INFO  o.s.b.w.s.c.ServletWebServerApplicationContext - Root WebApplicationContext: initialization completed in 996 ms
2022-10-27 18:48:32.387 [restartedMain] INFO  o.s.b.a.web.servlet.WelcomePageHandlerMapping - Adding welcome page template: index
2022-10-27 18:48:32.547 [restartedMain] INFO  o.s.b.d.autoconfigure.OptionalLiveReloadServer - LiveReload server is running on port 35729
2022-10-27 18:48:32.557 [restartedMain] INFO  org.apache.coyote.http11.Http11NioProtocol - Starting ProtocolHandler ["http-nio-8080"]
2022-10-27 18:48:32.567 [restartedMain] INFO  o.s.boot.web.embedded.tomcat.TomcatWebServer - Tomcat started on port(s): 8080 (http) with context path ''
2022-10-27 18:48:32.577 [restartedMain] INFO  c.z.h.HospitalchargemanagementsystemApplication - Started HospitalchargemanagementsystemApplication in 2.144 seconds (JVM running for 3.105)
2022-10-27 18:48:39.744 [http-nio-8080-exec-1] INFO  o.a.c.core.ContainerBase.[Tomcat].[localhost].[/] - Initializing Spring DispatcherServlet 'dispatcherServlet'
2022-10-27 18:48:39.744 [http-nio-8080-exec-1] INFO  org.springframework.web.servlet.DispatcherServlet - Initializing Servlet 'dispatcherServlet'
2022-10-27 18:48:39.745 [http-nio-8080-exec-1] INFO  org.springframework.web.servlet.DispatcherServlet - Completed initialization in 1 ms
2022-10-27 18:48:44.390 [http-nio-8080-exec-1] INFO  com.zaxxer.hikari.HikariDataSource - HikariPool-1 - Starting...
2022-10-27 18:48:44.856 [http-nio-8080-exec-1] INFO  com.zaxxer.hikari.HikariDataSource - HikariPool-1 - Start completed.
2022-10-27 18:48:44.921 [http-nio-8080-exec-1] INFO  c.z.h.controller.DoctorController - 用户 13188888888登录系统
2022-10-27 18:52:54.930 [restartedMain] INFO  c.z.h.HospitalchargemanagementsystemApplication - Starting HospitalchargemanagementsystemApplication using Java 1.8.0_191 on DESKTOP-T66PJPJ with PID 2848 (D:\java-2019-03\Projects\hospitalchargemanagementsystem\target\classes started by admin in D:\java-2019-03\Projects\hospitalchargemanagementsystem)
2022-10-27 18:52:54.931 [restartedMain] INFO  c.z.h.HospitalchargemanagementsystemApplication - No active profile set, falling back to 1 default profile: "default"
2022-10-27 18:52:54.972 [restartedMain] INFO  o.s.b.d.env.DevToolsPropertyDefaultsPostProcessor - Devtools property defaults active! Set 'spring.devtools.add-properties' to 'false' to disable
2022-10-27 18:52:54.973 [restartedMain] INFO  o.s.b.d.env.DevToolsPropertyDefaultsPostProcessor - For additional web related logging consider setting the 'logging.level.web' property to 'DEBUG'
2022-10-27 18:52:55.831 [restartedMain] INFO  o.s.boot.web.embedded.tomcat.TomcatWebServer - Tomcat initialized with port(s): 8080 (http)
2022-10-27 18:52:55.838 [restartedMain] INFO  org.apache.coyote.http11.Http11NioProtocol - Initializing ProtocolHandler ["http-nio-8080"]
2022-10-27 18:52:55.839 [restartedMain] INFO  org.apache.catalina.core.StandardService - Starting service [Tomcat]
2022-10-27 18:52:55.839 [restartedMain] INFO  org.apache.catalina.core.StandardEngine - Starting Servlet engine: [Apache Tomcat/9.0.65]
2022-10-27 18:52:55.926 [restartedMain] INFO  o.a.c.core.ContainerBase.[Tomcat].[localhost].[/] - Initializing Spring embedded WebApplicationContext
2022-10-27 18:52:55.926 [restartedMain] INFO  o.s.b.w.s.c.ServletWebServerApplicationContext - Root WebApplicationContext: initialization completed in 953 ms
2022-10-27 18:52:56.351 [restartedMain] INFO  o.s.b.a.web.servlet.WelcomePageHandlerMapping - Adding welcome page template: index
2022-10-27 18:52:56.499 [restartedMain] INFO  o.s.b.d.autoconfigure.OptionalLiveReloadServer - LiveReload server is running on port 35729
2022-10-27 18:52:56.508 [restartedMain] INFO  org.apache.coyote.http11.Http11NioProtocol - Starting ProtocolHandler ["http-nio-8080"]
2022-10-27 18:52:56.519 [restartedMain] INFO  o.s.boot.web.embedded.tomcat.TomcatWebServer - Tomcat started on port(s): 8080 (http) with context path ''
2022-10-27 18:52:56.529 [restartedMain] INFO  c.z.h.HospitalchargemanagementsystemApplication - Started HospitalchargemanagementsystemApplication in 2.08 seconds (JVM running for 2.982)
2022-10-27 18:52:56.747 [http-nio-8080-exec-1] INFO  o.a.c.core.ContainerBase.[Tomcat].[localhost].[/] - Initializing Spring DispatcherServlet 'dispatcherServlet'
2022-10-27 18:52:56.748 [http-nio-8080-exec-1] INFO  org.springframework.web.servlet.DispatcherServlet - Initializing Servlet 'dispatcherServlet'
2022-10-27 18:52:56.749 [http-nio-8080-exec-1] INFO  org.springframework.web.servlet.DispatcherServlet - Completed initialization in 1 ms
2022-10-27 18:54:03.648 [http-nio-8080-exec-2] INFO  com.zaxxer.hikari.HikariDataSource - HikariPool-1 - Starting...
2022-10-27 18:54:04.105 [http-nio-8080-exec-2] INFO  com.zaxxer.hikari.HikariDataSource - HikariPool-1 - Start completed.
2022-10-27 18:54:04.163 [http-nio-8080-exec-2] INFO  c.z.h.controller.DoctorController - 用户 13188888888登录系统
2022-10-27 18:57:59.494 [http-nio-8080-exec-7] INFO  c.z.h.controller.DoctorController - 用户 13188888888登录系统
2022-10-27 19:00:20.515 [http-nio-8080-exec-3] INFO  c.z.h.controller.DoctorController - 用户 13188888888登录系统
2022-10-27 19:00:50.787 [http-nio-8080-exec-10] INFO  c.z.h.controller.DoctorController - 用户 13188888888登录系统
2022-10-27 19:01:37.495 [http-nio-8080-exec-3] INFO  c.z.h.controller.DoctorController - 用户 13188888888登录系统
2022-10-27 19:02:54.110 [http-nio-8080-exec-9] INFO  c.z.h.controller.MedicalRecord - 用户 13188888888 修改诊断记录 Consult(id=13, patient=15555553333, doctor=13188888888, diseases=头疼, state=已出院, result=一, scheme=一, cost=0.0, balance=430.0, date=Thu Oct 27 16:19:54 CST 2022, remark=一, treatments=null, patientObj=Patient(id=15555553333, name=里斯, year=1997, age=25, gender=女, remark=嗯呢, visitedtime=2022-10-27 19:02:54.076), doctorObj=Doctor(id=13188888888, password=123456, name=李四, post=科室主任, gender=女, statistics=null)) 为 Consult(id=13, patient=null, doctor=null, diseases=头疼, state=已出院, result=一, scheme=一, cost=0.0, balance=0.0, date=null, remark=一, treatments=null, patientObj=null, doctorObj=null)
2022-10-27 19:04:47.233 [http-nio-8080-exec-9] INFO  c.z.h.controller.DoctorController - 用户 13188888888登录系统
2022-10-27 19:05:04.892 [restartedMain] INFO  c.z.h.HospitalchargemanagementsystemApplication - Starting HospitalchargemanagementsystemApplication using Java 1.8.0_191 on DESKTOP-T66PJPJ with PID 940 (D:\java-2019-03\Projects\hospitalchargemanagementsystem\target\classes started by admin in D:\java-2019-03\Projects\hospitalchargemanagementsystem)
2022-10-27 19:05:04.894 [restartedMain] INFO  c.z.h.HospitalchargemanagementsystemApplication - No active profile set, falling back to 1 default profile: "default"
2022-10-27 19:05:04.930 [restartedMain] INFO  o.s.b.d.env.DevToolsPropertyDefaultsPostProcessor - Devtools property defaults active! Set 'spring.devtools.add-properties' to 'false' to disable
2022-10-27 19:05:04.930 [restartedMain] INFO  o.s.b.d.env.DevToolsPropertyDefaultsPostProcessor - For additional web related logging consider setting the 'logging.level.web' property to 'DEBUG'
2022-10-27 19:05:05.803 [restartedMain] INFO  o.s.boot.web.embedded.tomcat.TomcatWebServer - Tomcat initialized with port(s): 8080 (http)
2022-10-27 19:05:05.809 [restartedMain] INFO  org.apache.coyote.http11.Http11NioProtocol - Initializing ProtocolHandler ["http-nio-8080"]
2022-10-27 19:05:05.810 [restartedMain] INFO  org.apache.catalina.core.StandardService - Starting service [Tomcat]
2022-10-27 19:05:05.810 [restartedMain] INFO  org.apache.catalina.core.StandardEngine - Starting Servlet engine: [Apache Tomcat/9.0.65]
2022-10-27 19:05:05.891 [restartedMain] INFO  o.a.c.core.ContainerBase.[Tomcat].[localhost].[/] - Initializing Spring embedded WebApplicationContext
2022-10-27 19:05:05.891 [restartedMain] INFO  o.s.b.w.s.c.ServletWebServerApplicationContext - Root WebApplicationContext: initialization completed in 960 ms
2022-10-27 19:05:06.332 [restartedMain] INFO  o.s.b.a.web.servlet.WelcomePageHandlerMapping - Adding welcome page template: index
2022-10-27 19:05:06.478 [restartedMain] INFO  o.s.b.d.autoconfigure.OptionalLiveReloadServer - LiveReload server is running on port 35729
2022-10-27 19:05:06.487 [restartedMain] INFO  org.apache.coyote.http11.Http11NioProtocol - Starting ProtocolHandler ["http-nio-8080"]
2022-10-27 19:05:06.500 [restartedMain] INFO  o.s.boot.web.embedded.tomcat.TomcatWebServer - Tomcat started on port(s): 8080 (http) with context path ''
2022-10-27 19:05:06.508 [restartedMain] INFO  c.z.h.HospitalchargemanagementsystemApplication - Started HospitalchargemanagementsystemApplication in 2.078 seconds (JVM running for 2.946)
2022-10-27 19:05:08.337 [http-nio-8080-exec-1] INFO  o.a.c.core.ContainerBase.[Tomcat].[localhost].[/] - Initializing Spring DispatcherServlet 'dispatcherServlet'
2022-10-27 19:05:08.337 [http-nio-8080-exec-1] INFO  org.springframework.web.servlet.DispatcherServlet - Initializing Servlet 'dispatcherServlet'
2022-10-27 19:05:08.338 [http-nio-8080-exec-1] INFO  org.springframework.web.servlet.DispatcherServlet - Completed initialization in 0 ms
2022-10-27 19:05:08.363 [http-nio-8080-exec-1] INFO  com.zaxxer.hikari.HikariDataSource - HikariPool-1 - Starting...
2022-10-27 19:05:08.801 [http-nio-8080-exec-1] INFO  com.zaxxer.hikari.HikariDataSource - HikariPool-1 - Start completed.
2022-10-27 19:05:08.856 [http-nio-8080-exec-1] INFO  c.z.h.controller.DoctorController - 用户 13188888888登录系统
2022-10-27 19:05:17.676 [http-nio-8080-exec-3] INFO  c.z.h.controller.DoctorController - 用户 13188888888退出登录
2022-10-27 19:07:19.308 [restartedMain] INFO  c.z.h.HospitalchargemanagementsystemApplication - Starting HospitalchargemanagementsystemApplication using Java 1.8.0_191 on DESKTOP-T66PJPJ with PID 5232 (D:\java-2019-03\Projects\hospitalchargemanagementsystem\target\classes started by admin in D:\java-2019-03\Projects\hospitalchargemanagementsystem)
2022-10-27 19:07:19.310 [restartedMain] INFO  c.z.h.HospitalchargemanagementsystemApplication - No active profile set, falling back to 1 default profile: "default"
2022-10-27 19:07:19.346 [restartedMain] INFO  o.s.b.d.env.DevToolsPropertyDefaultsPostProcessor - Devtools property defaults active! Set 'spring.devtools.add-properties' to 'false' to disable
2022-10-27 19:07:19.346 [restartedMain] INFO  o.s.b.d.env.DevToolsPropertyDefaultsPostProcessor - For additional web related logging consider setting the 'logging.level.web' property to 'DEBUG'
2022-10-27 19:07:20.239 [restartedMain] INFO  o.s.boot.web.embedded.tomcat.TomcatWebServer - Tomcat initialized with port(s): 8080 (http)
2022-10-27 19:07:20.245 [restartedMain] INFO  org.apache.coyote.http11.Http11NioProtocol - Initializing ProtocolHandler ["http-nio-8080"]
2022-10-27 19:07:20.245 [restartedMain] INFO  org.apache.catalina.core.StandardService - Starting service [Tomcat]
2022-10-27 19:07:20.245 [restartedMain] INFO  org.apache.catalina.core.StandardEngine - Starting Servlet engine: [Apache Tomcat/9.0.65]
2022-10-27 19:07:20.324 [restartedMain] INFO  o.a.c.core.ContainerBase.[Tomcat].[localhost].[/] - Initializing Spring embedded WebApplicationContext
2022-10-27 19:07:20.324 [restartedMain] INFO  o.s.b.w.s.c.ServletWebServerApplicationContext - Root WebApplicationContext: initialization completed in 977 ms
2022-10-27 19:07:20.744 [restartedMain] INFO  o.s.b.a.web.servlet.WelcomePageHandlerMapping - Adding welcome page template: index
2022-10-27 19:07:20.887 [restartedMain] INFO  o.s.b.d.autoconfigure.OptionalLiveReloadServer - LiveReload server is running on port 35729
2022-10-27 19:07:20.896 [restartedMain] INFO  org.apache.coyote.http11.Http11NioProtocol - Starting ProtocolHandler ["http-nio-8080"]
2022-10-27 19:07:20.908 [restartedMain] INFO  o.s.boot.web.embedded.tomcat.TomcatWebServer - Tomcat started on port(s): 8080 (http) with context path ''
2022-10-27 19:07:20.916 [restartedMain] INFO  c.z.h.HospitalchargemanagementsystemApplication - Started HospitalchargemanagementsystemApplication in 2.114 seconds (JVM running for 2.978)
2022-10-27 19:09:32.721 [http-nio-8080-exec-1] INFO  o.a.c.core.ContainerBase.[Tomcat].[localhost].[/] - Initializing Spring DispatcherServlet 'dispatcherServlet'
2022-10-27 19:09:32.722 [http-nio-8080-exec-1] INFO  org.springframework.web.servlet.DispatcherServlet - Initializing Servlet 'dispatcherServlet'
2022-10-27 19:09:32.723 [http-nio-8080-exec-1] INFO  org.springframework.web.servlet.DispatcherServlet - Completed initialization in 1 ms
2022-10-27 19:09:32.747 [http-nio-8080-exec-1] INFO  com.zaxxer.hikari.HikariDataSource - HikariPool-1 - Starting...
2022-10-27 19:09:33.153 [http-nio-8080-exec-1] INFO  com.zaxxer.hikari.HikariDataSource - HikariPool-1 - Start completed.
2022-10-27 19:09:33.209 [http-nio-8080-exec-1] INFO  c.z.h.controller.DoctorController - 用户 13188888888登录系统
2022-10-27 19:09:45.139 [http-nio-8080-exec-7] INFO  c.z.h.controller.DoctorController - 用户 13188888888退出登录
2022-10-27 19:10:06.994 [http-nio-8080-exec-7] INFO  c.z.h.controller.DoctorController - 用户 13188888888登录系统
2022-10-27 19:14:08.002 [http-nio-8080-exec-10] INFO  c.z.h.controller.MedicalRecord - 用户 13188888888 修改诊断记录 Consult(id=13, patient=15555553333, doctor=13188888888, diseases=头疼, state=门诊, result=一, scheme=一, cost=0.0, balance=430.0, date=Thu Oct 27 16:19:54 CST 2022, remark=一, treatments=null, patientObj=Patient(id=15555553333, name=里斯, year=1997, age=25, gender=女, remark=嗯呢, visitedtime=2022-10-27 19:14:07.961), doctorObj=Doctor(id=13188888888, password=123456, name=李四, post=科室主任, gender=女, statistics=null)) 为 Consult(id=13, patient=null, doctor=null, diseases=头疼, state=门诊, result=一, scheme=一, cost=0.0, balance=0.0, date=null, remark=一, treatments=null, patientObj=null, doctorObj=null)
2022-10-27 19:22:00.867 [http-nio-8080-exec-1] INFO  c.z.h.controller.DoctorController - 用户 13188888888退出登录
2022-10-27 19:23:17.096 [http-nio-8080-exec-10] INFO  c.z.h.controller.DoctorController - 用户 13188888888登录系统
2022-10-27 19:23:25.925 [http-nio-8080-exec-3] INFO  c.z.h.controller.DoctorController - 用户 13188888888退出登录
2022-10-27 19:39:37.244 [restartedMain] INFO  c.z.h.HospitalchargemanagementsystemApplication - Starting HospitalchargemanagementsystemApplication using Java 1.8.0_191 on DESKTOP-T66PJPJ with PID 14312 (D:\java-2019-03\Projects\hospitalchargemanagementsystem\target\classes started by admin in D:\java-2019-03\Projects\hospitalchargemanagementsystem)
2022-10-27 19:39:37.244 [restartedMain] INFO  c.z.h.HospitalchargemanagementsystemApplication - No active profile set, falling back to 1 default profile: "default"
2022-10-27 19:39:37.295 [restartedMain] INFO  o.s.b.d.env.DevToolsPropertyDefaultsPostProcessor - Devtools property defaults active! Set 'spring.devtools.add-properties' to 'false' to disable
2022-10-27 19:39:37.295 [restartedMain] INFO  o.s.b.d.env.DevToolsPropertyDefaultsPostProcessor - For additional web related logging consider setting the 'logging.level.web' property to 'DEBUG'
2022-10-27 19:39:38.416 [restartedMain] INFO  o.s.boot.web.embedded.tomcat.TomcatWebServer - Tomcat initialized with port(s): 8080 (http)
2022-10-27 19:39:38.427 [restartedMain] INFO  org.apache.coyote.http11.Http11NioProtocol - Initializing ProtocolHandler ["http-nio-8080"]
2022-10-27 19:39:38.428 [restartedMain] INFO  org.apache.catalina.core.StandardService - Starting service [Tomcat]
2022-10-27 19:39:38.429 [restartedMain] INFO  org.apache.catalina.core.StandardEngine - Starting Servlet engine: [Apache Tomcat/9.0.65]
2022-10-27 19:39:38.532 [restartedMain] INFO  o.a.c.core.ContainerBase.[Tomcat].[localhost].[/] - Initializing Spring embedded WebApplicationContext
2022-10-27 19:39:38.532 [restartedMain] INFO  o.s.b.w.s.c.ServletWebServerApplicationContext - Root WebApplicationContext: initialization completed in 1236 ms
2022-10-27 19:39:39.074 [restartedMain] INFO  o.s.b.a.web.servlet.WelcomePageHandlerMapping - Adding welcome page template: index
2022-10-27 19:39:39.251 [restartedMain] INFO  o.s.b.d.autoconfigure.OptionalLiveReloadServer - LiveReload server is running on port 35729
2022-10-27 19:39:39.262 [restartedMain] INFO  org.apache.coyote.http11.Http11NioProtocol - Starting ProtocolHandler ["http-nio-8080"]
2022-10-27 19:39:39.277 [restartedMain] INFO  o.s.boot.web.embedded.tomcat.TomcatWebServer - Tomcat started on port(s): 8080 (http) with context path ''
2022-10-27 19:39:39.288 [restartedMain] INFO  c.z.h.HospitalchargemanagementsystemApplication - Started HospitalchargemanagementsystemApplication in 2.701 seconds (JVM running for 3.762)
2022-10-27 19:40:50.491 [http-nio-8080-exec-1] INFO  o.a.c.core.ContainerBase.[Tomcat].[localhost].[/] - Initializing Spring DispatcherServlet 'dispatcherServlet'
2022-10-27 19:40:50.491 [http-nio-8080-exec-1] INFO  org.springframework.web.servlet.DispatcherServlet - Initializing Servlet 'dispatcherServlet'
2022-10-27 19:40:50.492 [http-nio-8080-exec-1] INFO  org.springframework.web.servlet.DispatcherServlet - Completed initialization in 1 ms
2022-10-27 19:41:11.877 [http-nio-8080-exec-10] INFO  com.zaxxer.hikari.HikariDataSource - HikariPool-1 - Starting...
2022-10-27 19:41:12.376 [http-nio-8080-exec-10] INFO  com.zaxxer.hikari.HikariDataSource - HikariPool-1 - Start completed.
2022-10-27 19:41:12.592 [http-nio-8080-exec-10] INFO  c.z.h.controller.DoctorController - 用户 13188887777注册成功
2022-10-27 19:41:17.392 [http-nio-8080-exec-9] INFO  c.z.h.controller.DoctorController - 用户 13188887777登录系统
2022-10-27 19:41:43.000 [http-nio-8080-exec-9] INFO  c.z.h.controller.PatientController - 用户 13188887777 新增患者信息 Patient(id=18888888888, name=李四, year=2002, age=null, gender=男, remark=, visitedtime=2022-10-27 19:41:42.902)
2022-10-27 19:42:02.825 [http-nio-8080-exec-4] INFO  c.z.h.controller.MedicalRecord - 用户 13188887777 新增诊断记录 Consult(id=14, patient=18888888888, doctor=13188887777, diseases=腰间盘突出, state=门诊, result=..., scheme=..., cost=0.0, balance=0.0, date=2022-10-27 19:42:02.692, remark=..., treatments=null, patientObj=null, doctorObj=null)
2022-10-27 19:42:21.045 [http-nio-8080-exec-4] INFO  c.z.h.controller.MedicalRecord - 用户 13188887777 添加治疗记录 Treatment(id=48, consult=14, patient=null, doctor=13188887777, project=针灸, cost=100.0, level=0, date=2022-10-27 19:42:20.86, timelen=20, remark=, doctorObj=null)
2022-10-27 19:42:29.777 [http-nio-8080-exec-10] INFO  c.z.h.controller.MedicalRecord - 用户 13188887777 新增缴费记录 Payment(id=18, consult=14, patient=null, date=2022-10-27 19:42:29.589, amount=200.0, remark=)
2022-10-27 19:43:23.502 [http-nio-8080-exec-6] INFO  c.z.h.controller.DoctorController - 用户 13188887777 修改个人信息为 Doctor(id=13188887777, password=null, name=张三, post=科室主任, gender=男, statistics=null)
2022-10-27 19:43:44.836 [http-nio-8080-exec-1] INFO  c.z.h.controller.DoctorController - 用户 13188887777退出登录
2022-10-27 23:08:04.312 [main] INFO  c.z.h.HospitalchargemanagementsystemApplicationTests - Starting HospitalchargemanagementsystemApplicationTests using Java 1.8.0_191 on DESKTOP-T66PJPJ with PID 5588 (started by admin in D:\java-2019-03\Projects\hospitalchargemanagementsystem)
2022-10-27 23:08:04.313 [main] INFO  c.z.h.HospitalchargemanagementsystemApplicationTests - No active profile set, falling back to 1 default profile: "default"
2022-10-27 23:08:06.115 [main] INFO  o.s.b.a.web.servlet.WelcomePageHandlerMapping - Adding welcome page template: index
2022-10-27 23:08:06.493 [main] INFO  c.z.h.HospitalchargemanagementsystemApplicationTests - Started HospitalchargemanagementsystemApplicationTests in 2.596 seconds (JVM running for 3.818)
2022-10-27 23:09:58.674 [main] INFO  c.z.h.HospitalchargemanagementsystemApplication - Starting HospitalchargemanagementsystemApplication v0.0.1-SNAPSHOT using Java 1.8.0_191 on DESKTOP-T66PJPJ with PID 5048 (D:\java-2019-03\Projects\hospitalchargemanagementsystem\target\hospitalchargemanagementsystem-0.0.1-SNAPSHOT.jar started by admin in D:\java-2019-03\Projects\hospitalchargemanagementsystem\target)
2022-10-27 23:09:58.678 [main] INFO  c.z.h.HospitalchargemanagementsystemApplication - No active profile set, falling back to 1 default profile: "default"
2022-10-27 23:10:00.122 [main] INFO  o.s.boot.web.embedded.tomcat.TomcatWebServer - Tomcat initialized with port(s): 8080 (http)
2022-10-27 23:10:00.136 [main] INFO  org.apache.coyote.http11.Http11NioProtocol - Initializing ProtocolHandler ["http-nio-8080"]
2022-10-27 23:10:00.137 [main] INFO  org.apache.catalina.core.StandardService - Starting service [Tomcat]
2022-10-27 23:10:00.137 [main] INFO  org.apache.catalina.core.StandardEngine - Starting Servlet engine: [Apache Tomcat/9.0.65]
2022-10-27 23:10:00.265 [main] INFO  o.a.c.core.ContainerBase.[Tomcat].[localhost].[/] - Initializing Spring embedded WebApplicationContext
2022-10-27 23:10:00.266 [main] INFO  o.s.b.w.s.c.ServletWebServerApplicationContext - Root WebApplicationContext: initialization completed in 1545 ms
2022-10-27 23:10:01.068 [main] INFO  o.s.b.a.web.servlet.WelcomePageHandlerMapping - Adding welcome page template: index
2022-10-27 23:10:01.294 [main] INFO  org.apache.coyote.http11.Http11NioProtocol - Starting ProtocolHandler ["http-nio-8080"]
2022-10-27 23:10:01.319 [main] INFO  o.s.boot.web.embedded.tomcat.TomcatWebServer - Tomcat started on port(s): 8080 (http) with context path ''
2022-10-27 23:10:01.332 [main] INFO  c.z.h.HospitalchargemanagementsystemApplication - Started HospitalchargemanagementsystemApplication in 3.15 seconds (JVM running for 3.62)
2022-10-27 23:10:21.906 [http-nio-8080-exec-1] INFO  o.a.c.core.ContainerBase.[Tomcat].[localhost].[/] - Initializing Spring DispatcherServlet 'dispatcherServlet'
2022-10-27 23:10:21.906 [http-nio-8080-exec-1] INFO  org.springframework.web.servlet.DispatcherServlet - Initializing Servlet 'dispatcherServlet'
2022-10-27 23:10:21.908 [http-nio-8080-exec-1] INFO  org.springframework.web.servlet.DispatcherServlet - Completed initialization in 1 ms
2022-10-27 23:10:26.113 [http-nio-8080-exec-1] INFO  com.zaxxer.hikari.HikariDataSource - HikariPool-1 - Starting...
2022-10-27 23:10:26.737 [http-nio-8080-exec-1] INFO  com.zaxxer.hikari.HikariDataSource - HikariPool-1 - Start completed.
2022-10-27 23:10:26.824 [http-nio-8080-exec-1] INFO  c.z.h.controller.DoctorController - 用户 13188887777登录系统
